\BOOKMARK [1][-]{section.1}{Diagramme}{}% 1
\BOOKMARK [2][-]{subsection.1.1}{Contraintes :}{section.1}% 2
\BOOKMARK [1][-]{section.2}{Model Relationnel}{}% 3
\BOOKMARK [1][-]{section.3}{Choix d'impl\351mentation}{}% 4
\BOOKMARK [1][-]{section.4}{Installation}{}% 5
\BOOKMARK [1][-]{section.5}{Script SQL DDL}{}% 6
\BOOKMARK [1][-]{section.6}{Requetes}{}% 7
\BOOKMARK [2][-]{subsection.6.1}{En SQL}{section.6}% 8
\BOOKMARK [3][-]{subsubsection.6.1.1}{R1}{subsection.6.1}% 9
\BOOKMARK [3][-]{subsubsection.6.1.2}{R2}{subsection.6.1}% 10
\BOOKMARK [3][-]{subsubsection.6.1.3}{R3}{subsection.6.1}% 11
\BOOKMARK [3][-]{subsubsection.6.1.4}{R4}{subsection.6.1}% 12
\BOOKMARK [3][-]{subsubsection.6.1.5}{R5}{subsection.6.1}% 13
\BOOKMARK [3][-]{subsubsection.6.1.6}{R6}{subsection.6.1}% 14
\BOOKMARK [2][-]{subsection.6.2}{Alg\350bre relationnelle}{section.6}% 15
\BOOKMARK [3][-]{subsubsection.6.2.1}{R1}{subsection.6.2}% 16
\BOOKMARK [3][-]{subsubsection.6.2.2}{R2}{subsection.6.2}% 17
\BOOKMARK [3][-]{subsubsection.6.2.3}{R3}{subsection.6.2}% 18
\BOOKMARK [3][-]{subsubsection.6.2.4}{R4}{subsection.6.2}% 19
\BOOKMARK [2][-]{subsection.6.3}{Calcul relationnel tuple}{section.6}% 20
\BOOKMARK [3][-]{subsubsection.6.3.1}{R1}{subsection.6.3}% 21
\BOOKMARK [3][-]{subsubsection.6.3.2}{R2}{subsection.6.3}% 22
\BOOKMARK [3][-]{subsubsection.6.3.3}{R3}{subsection.6.3}% 23
\BOOKMARK [3][-]{subsubsection.6.3.4}{R4}{subsection.6.3}% 24
\BOOKMARK [1][-]{section.7}{Explication du fonctionnement de notre plateforme}{}% 25
\BOOKMARK [1][-]{section.8}{Demonstration}{}% 26
\BOOKMARK [1][-]{section.9}{Fonctionnalit\351s impl\351ment\351es}{}% 27
\BOOKMARK [1][-]{section.10}{Justification de nos choix}{}% 28
