This is pdfTeX, Version 3.14159265-2.6-1.40.16 (TeX Live 2015) (preloaded format=pdflatex 2016.4.10)  12 MAY 2016 23:50
entering extended mode
 restricted \write18 enabled.
 file:line:error style messages enabled.
 %&-line parsing enabled.
**RapportLaTex.tex
(./RapportLaTex.tex
LaTeX2e <2015/01/01>
Babel <3.9l> and hyphenation patterns for 79 languages loaded.
(/usr/local/texlive/2015/texmf-dist/tex/latex/base/article.cls
Document Class: article 2014/09/29 v1.4h Standard LaTeX document class
(/usr/local/texlive/2015/texmf-dist/tex/latex/base/size12.clo
File: size12.clo 2014/09/29 v1.4h Standard LaTeX file (size option)
)
\c@part=\count79
\c@section=\count80
\c@subsection=\count81
\c@subsubsection=\count82
\c@paragraph=\count83
\c@subparagraph=\count84
\c@figure=\count85
\c@table=\count86
\abovecaptionskip=\skip41
\belowcaptionskip=\skip42
\bibindent=\dimen102
)
(/usr/local/texlive/2015/texmf-dist/tex/latex/base/inputenc.sty
Package: inputenc 2015/03/17 v1.2c Input encoding file
\inpenc@prehook=\toks14
\inpenc@posthook=\toks15

(/usr/local/texlive/2015/texmf-dist/tex/latex/base/latin1.def
File: latin1.def 2015/03/17 v1.2c Input encoding file
))
(/usr/local/texlive/2015/texmf-dist/tex/generic/babel/babel.sty
Package: babel 2014/09/25 3.9l The Babel package

(/usr/local/texlive/2015/texmf-dist/tex/generic/babel-french/frenchb.ldf
Language: frenchb 2015/04/10 v3.1e French support from the babel system

(/usr/local/texlive/2015/texmf-dist/tex/generic/babel/babel.def
File: babel.def 2014/09/25 3.9l Babel common definitions
\babel@savecnt=\count87
\U@D=\dimen103
)
\l@acadian = a dialect from \language\l@french 
\l@canadien = a dialect from \language\l@french 
\FBcolonskip=\skip43
\FBthinskip=\skip44
\FB@interchartokenstateORI=\count88
Package babel Info: Making : an active character on input line 371.
Package babel Info: Making ; an active character on input line 372.
Package babel Info: Making ! an active character on input line 373.
Package babel Info: Making ? an active character on input line 374.
\FBguillskip=\skip45
\FBguill@level=\count89
\FB@Mht=\dimen104
\std@mcc=\count90
\dec@mcc=\count91
\listindentFB=\skip46
\labelwidthFB=\skip47
\leftmarginFB=\skip48
\parindentFFN=\dimen105
))
(/usr/local/texlive/2015/texmf-dist/tex/latex/carlisle/scalefnt.sty)
(/usr/local/texlive/2015/texmf-dist/tex/latex/graphics/keyval.sty
Package: keyval 2014/10/28 v1.15 key=value parser (DPC)
\KV@toks@=\toks16
)
(/usr/local/texlive/2015/texmf-dist/tex/latex/listings/listings.sty
\lst@mode=\count92
\lst@gtempboxa=\box26
\lst@token=\toks17
\lst@length=\count93
\lst@currlwidth=\dimen106
\lst@column=\count94
\lst@pos=\count95
\lst@lostspace=\dimen107
\lst@width=\dimen108
\lst@newlines=\count96
\lst@lineno=\count97
\lst@maxwidth=\dimen109

(/usr/local/texlive/2015/texmf-dist/tex/latex/listings/lstmisc.sty
File: lstmisc.sty 2014/09/06 1.5e (Carsten Heinz)
\c@lstnumber=\count98
\lst@skipnumbers=\count99
\lst@framebox=\box27
)
(/usr/local/texlive/2015/texmf-dist/tex/latex/listings/listings.cfg
File: listings.cfg 2014/09/06 1.5e listings configuration
))
Package: listings 2014/09/06 1.5e (Carsten Heinz)

(/usr/local/texlive/2015/texmf-dist/tex/latex/graphics/graphicx.sty
Package: graphicx 2014/10/28 v1.0g Enhanced LaTeX Graphics (DPC,SPQR)

(/usr/local/texlive/2015/texmf-dist/tex/latex/graphics/graphics.sty
Package: graphics 2016/01/03 v1.0q Standard LaTeX Graphics (DPC,SPQR)

(/usr/local/texlive/2015/texmf-dist/tex/latex/graphics/trig.sty
Package: trig 2016/01/03 v1.10 sin cos tan (DPC)
)
(/usr/local/texlive/2015/texmf-dist/tex/latex/latexconfig/graphics.cfg
File: graphics.cfg 2010/04/23 v1.9 graphics configuration of TeX Live
)
Package graphics Info: Driver file: pdftex.def on input line 95.

(/usr/local/texlive/2015/texmf-dist/tex/latex/pdftex-def/pdftex.def
File: pdftex.def 2011/05/27 v0.06d Graphics/color for pdfTeX

(/usr/local/texlive/2015/texmf-dist/tex/generic/oberdiek/infwarerr.sty
Package: infwarerr 2010/04/08 v1.3 Providing info/warning/error messages (HO)
)
(/usr/local/texlive/2015/texmf-dist/tex/generic/oberdiek/ltxcmds.sty
Package: ltxcmds 2011/11/09 v1.22 LaTeX kernel commands for general use (HO)
)
\Gread@gobject=\count100
))
\Gin@req@height=\dimen110
\Gin@req@width=\dimen111
)
(/usr/local/texlive/2015/texmf-dist/tex/latex/blindtext/blindtext.sty
Package: blindtext 2012/01/06 V2.0 blindtext-Package

(/usr/local/texlive/2015/texmf-dist/tex/latex/tools/xspace.sty
Package: xspace 2014/10/28 v1.13 Space after command names (DPC,MH)
)
\c@blindtext=\count101
\c@Blindtext=\count102
\c@blind@countparstart=\count103
\blind@countxx=\count104
\blindtext@numBlindtext=\count105
\blind@countyy=\count106
\c@blindlist=\count107
\c@blindlistlevel=\count108
\c@blindlist@level=\count109
\blind@listitem=\count110
\c@blind@listcount=\count111
\c@blind@levelcount=\count112
\blind@mathformula=\count113
\blind@Mathformula=\count114
\c@blind@randomcount=\count115
\c@blind@randommax=\count116
\c@blind@pangramcount=\count117
\c@blind@pangrammax=\count118
)
(/usr/local/texlive/2015/texmf-dist/tex/latex/enumitem/enumitem.sty
Package: enumitem 2011/09/28 v3.5.2 Customized lists
\labelindent=\skip49
\enit@outerparindent=\dimen112
\enit@toks=\toks18
\enit@inbox=\box28
\enitdp@description=\count119
)
(./RapportLaTex.aux)
\openout1 = `RapportLaTex.aux'.

LaTeX Font Info:    Checking defaults for OML/cmm/m/it on input line 13.
LaTeX Font Info:    ... okay on input line 13.
LaTeX Font Info:    Checking defaults for T1/cmr/m/n on input line 13.
LaTeX Font Info:    ... okay on input line 13.
LaTeX Font Info:    Checking defaults for OT1/cmr/m/n on input line 13.
LaTeX Font Info:    ... okay on input line 13.
LaTeX Font Info:    Checking defaults for OMS/cmsy/m/n on input line 13.
LaTeX Font Info:    ... okay on input line 13.
LaTeX Font Info:    Checking defaults for OMX/cmex/m/n on input line 13.
LaTeX Font Info:    ... okay on input line 13.
LaTeX Font Info:    Checking defaults for U/cmr/m/n on input line 13.
LaTeX Font Info:    ... okay on input line 13.
LaTeX Info: Redefining \degres on input line 13.
LaTeX Info: Redefining \dots on input line 13.
Package frenchb.ldf Info: Setting StandardItemizeEnv=true for
(frenchb.ldf)             compatibility with enumitem package,
(frenchb.ldf)              on input line 13.
Package frenchb.ldf Info: Setting StandardEnumerateEnv=true for
(frenchb.ldf)             compatibility with enumitem package,
(frenchb.ldf)              on input line 13.
LaTeX Info: Redefining \up on input line 13.


Package frenchb.ldf Warning: OT1 encoding should not be used for French.
(frenchb.ldf)                Add \usepackage[T1]{fontenc} to the preamble
(frenchb.ldf)                of your document, on input line 13.

\c@lstlisting=\count120
(/usr/local/texlive/2015/texmf-dist/tex/context/base/supp-pdf.mkii
[Loading MPS to PDF converter (version 2006.09.02).]
\scratchcounter=\count121
\scratchdimen=\dimen113
\scratchbox=\box29
\nofMPsegments=\count122
\nofMParguments=\count123
\everyMPshowfont=\toks19
\MPscratchCnt=\count124
\MPscratchDim=\dimen114
\MPnumerator=\count125
\makeMPintoPDFobject=\count126
\everyMPtoPDFconversion=\toks20
) (/usr/local/texlive/2015/texmf-dist/tex/generic/oberdiek/pdftexcmds.sty
Package: pdftexcmds 2011/11/29 v0.20 Utility functions of pdfTeX for LuaTeX (HO
)

(/usr/local/texlive/2015/texmf-dist/tex/generic/oberdiek/ifluatex.sty
Package: ifluatex 2010/03/01 v1.3 Provides the ifluatex switch (HO)
Package ifluatex Info: LuaTeX not detected.
)
(/usr/local/texlive/2015/texmf-dist/tex/generic/oberdiek/ifpdf.sty
Package: ifpdf 2011/01/30 v2.3 Provides the ifpdf switch (HO)
Package ifpdf Info: pdfTeX in PDF mode is detected.
)
Package pdftexcmds Info: LuaTeX not detected.
Package pdftexcmds Info: \pdf@primitive is available.
Package pdftexcmds Info: \pdf@ifprimitive is available.
Package pdftexcmds Info: \pdfdraftmode found.
)
(/usr/local/texlive/2015/texmf-dist/tex/latex/oberdiek/epstopdf-base.sty
Package: epstopdf-base 2010/02/09 v2.5 Base part for package epstopdf

(/usr/local/texlive/2015/texmf-dist/tex/latex/oberdiek/grfext.sty
Package: grfext 2010/08/19 v1.1 Manage graphics extensions (HO)

(/usr/local/texlive/2015/texmf-dist/tex/generic/oberdiek/kvdefinekeys.sty
Package: kvdefinekeys 2011/04/07 v1.3 Define keys (HO)
))
(/usr/local/texlive/2015/texmf-dist/tex/latex/oberdiek/kvoptions.sty
Package: kvoptions 2011/06/30 v3.11 Key value format for package options (HO)

(/usr/local/texlive/2015/texmf-dist/tex/generic/oberdiek/kvsetkeys.sty
Package: kvsetkeys 2012/04/25 v1.16 Key value parser (HO)

(/usr/local/texlive/2015/texmf-dist/tex/generic/oberdiek/etexcmds.sty
Package: etexcmds 2011/02/16 v1.5 Avoid name clashes with e-TeX commands (HO)
Package etexcmds Info: Could not find \expanded.
(etexcmds)             That can mean that you are not using pdfTeX 1.50 or
(etexcmds)             that some package has redefined \expanded.
(etexcmds)             In the latter case, load this package earlier.
)))
Package grfext Info: Graphics extension search list:
(grfext)             [.png,.pdf,.jpg,.mps,.jpeg,.jbig2,.jb2,.PNG,.PDF,.JPG,.JPE
G,.JBIG2,.JB2,.eps]
(grfext)             \AppendGraphicsExtensions on input line 452.

(/usr/local/texlive/2015/texmf-dist/tex/latex/latexconfig/epstopdf-sys.cfg
File: epstopdf-sys.cfg 2010/07/13 v1.3 Configuration of (r)epstopdf for TeX Liv
e
))
LaTeX Font Info:    External font `cmex10' loaded for size
(Font)              <14.4> on input line 15.
LaTeX Font Info:    External font `cmex10' loaded for size
(Font)              <7> on input line 15.

Overfull \hbox (14.8936pt too wide) in paragraph at lines 15--15
 [][] 
 []

[1

{/usr/local/texlive/2015/texmf-var/fonts/map/pdftex/updmap/pdftex.map}]
(./RapportLaTex.toc)
\tf@toc=\write3
\openout3 = `RapportLaTex.toc'.

 [2] <UML_FINAL.png, id=12, 843.15pt x 529.98pt>
File: UML_FINAL.png Graphic file (type png)

<use UML_FINAL.png>
Package pdftex.def Info: UML_FINAL.png used on input line 22.
(pdftex.def)             Requested size: 590.20097pt x 370.98346pt.
 [3 <./UML_FINAL.png>] [4]
Overfull \hbox (30.69713pt too wide) in paragraph at lines 58--59
[]\OT1/cmr/m/n/12 Pour ex-pli-quer notre sch^^Sema UML plus haut, nous avons ch
oisi l'impl^^Sementation
 []


Underfull \hbox (badness 10000) in paragraph at lines 58--59

 []


Underfull \hbox (badness 10000) in paragraph at lines 60--61

 []

(../Create-DB.php [5]
LaTeX Font Info:    Try loading font information for OML+cmr on input line 1.

(/usr/local/texlive/2015/texmf-dist/tex/latex/base/omlcmr.fd
File: omlcmr.fd 2014/09/29 v2.5h Standard LaTeX font definitions
)
LaTeX Font Info:    Font shape `OML/cmr/m/n' in size <6> not available
(Font)              Font shape `OML/cmm/m/it' tried instead on input line 1.
LaTeX Font Info:    Try loading font information for OMS+cmr on input line 5.

(/usr/local/texlive/2015/texmf-dist/tex/latex/base/omscmr.fd
File: omscmr.fd 2014/09/29 v2.5h Standard LaTeX font definitions
)
LaTeX Font Info:    Font shape `OMS/cmr/m/n' in size <6> not available
(Font)              Font shape `OMS/cmsy/m/n' tried instead on input line 5.
LaTeX Font Info:    External font `cmex10' loaded for size
(Font)              <6> on input line 7.
LaTeX Font Info:    External font `cmex10' loaded for size
(Font)              <5> on input line 7.

Overfull \hbox (49.99939pt too wide) in paragraph at lines 24--25
[][][][][][][][][][][][][][][][][][][][][][][][][][][][][][][][] 
 []


Overfull \hbox (58.79938pt too wide) in paragraph at lines 39--40
[][][][][][][][][][][][][][][][][][][][][][][][][][][][][][][][][] 
 []


Overfull \hbox (67.59937pt too wide) in paragraph at lines 40--41
[][][][][][][][][][][][][][][][][][][][][][][][][][][][][][] 
 []


Overfull \hbox (14.79944pt too wide) in paragraph at lines 41--42
[][][][][][][][][][][][][][][][][][][][][][][][] 
 []


Overfull \hbox (41.1994pt too wide) in paragraph at lines 54--55
[][][][][][][][][][][][][][][][][][][][][][][][][][][][][][][][][][][][][][] 
 []


Overfull \hbox (54.39938pt too wide) in paragraph at lines 55--56
[][][][][][][][][][][][][][][][][][][][][][][][][][] 
 []


Overfull \hbox (58.79938pt too wide) in paragraph at lines 67--68
[][][][][][][][][][][][][][][][][][][][][][][][][][][][][][][][][][][][][][][] 

 []

[6]
Overfull \hbox (80.79935pt too wide) in paragraph at lines 80--81
[][][][][][][][][][][][][][][][][][][][][][][][][][][][][][][][][][][][][][][] 

 []


Overfull \hbox (58.79938pt too wide) in paragraph at lines 81--82
[][][][][][][][][][][][][][][][][][][][][][][][][][][][][] 
 []


Overfull \hbox (80.79935pt too wide) in paragraph at lines 82--83
[][][][][][][][][][][][][][][][][][][][][][][][][][][][][][] 
 []

) [7]
Overfull \hbox (96.44916pt too wide) in paragraph at lines 73--74
[][][][][][][][][][][][][][][][][][][][][][] 
 []


Overfull \hbox (68.2492pt too wide) in paragraph at lines 74--75
[][][][][][][][][][][][][][][][] 
 []


Overfull \hbox (54.14923pt too wide) in paragraph at lines 75--76
[][][][][][][][][][][][][][][][][][][][] 
 []

LaTeX Font Info:    Font shape `OML/cmr/m/n' in size <12> not available
(Font)              Font shape `OML/cmm/m/it' tried instead on input line 76.

Overfull \hbox (32.99927pt too wide) in paragraph at lines 76--77
[][][][][][][][][][][][][][][][][][][] 
 []


Overfull \hbox (11.8493pt too wide) in paragraph at lines 81--82
[][][][][][][][][][][][][][][][][][][] 
 []


Overfull \hbox (18.89929pt too wide) in paragraph at lines 82--83
[][][][][][][][][][][][][][][][] 
 []


Overfull \hbox (25.94928pt too wide) in paragraph at lines 83--84
[][][][][][][][][][][][][][][] 
 []


Overfull \hbox (18.89929pt too wide) in paragraph at lines 84--85
[][][][][][][][][][][][][][][][] 
 []


Overfull \hbox (25.94928pt too wide) in paragraph at lines 85--86
[][][][][][][][][][][][][][][][][][][] 
 []


Overfull \hbox (75.2992pt too wide) in paragraph at lines 87--88
[][][][][][][][][][][][][][][] 
 []


Overfull \hbox (25.94928pt too wide) in paragraph at lines 94--95
[][][][][][][][][][][][][][][][][][][][][] 
 []

LaTeX Font Info:    Font shape `OMS/cmr/m/n' in size <12> not available
(Font)              Font shape `OMS/cmsy/m/n' tried instead on input line 95.

Overfull \hbox (89.39917pt too wide) in paragraph at lines 95--96
[][][][][][][][][][][][][][][][][][][][][][][][][][][] 
 []


Overfull \hbox (110.54913pt too wide) in paragraph at lines 96--97
[][][][][][][][][][][][][][][][][][][][][][][][][][][][][][] 
 []


Overfull \hbox (103.49915pt too wide) in paragraph at lines 101--102
[][][][][][][][][][][][][][][][][][][][][][][][] 
 []


Overfull \hbox (96.44916pt too wide) in paragraph at lines 102--103
[][][][][][][][][][][][][][][][][][][][][][] 
 []


Overfull \hbox (25.94928pt too wide) in paragraph at lines 103--104
[][][][][][][][][][][][][][][][][] 
 []


Overfull \hbox (89.39917pt too wide) in paragraph at lines 108--109
[][][][][][][][][][][][][][][][][][][][][][] 
 []

[8]
Overfull \hbox (11.8493pt too wide) in paragraph at lines 114--115
[][][][][][][][][][][][][][][][][] 
 []


Overfull \hbox (54.14923pt too wide) in paragraph at lines 115--116
[][][][][][][][][][][][][][][][][][][][][][][] 
 []

LaTeX Font Info:    External font `cmex10' loaded for size
(Font)              <12> on input line 119.
LaTeX Font Info:    External font `cmex10' loaded for size
(Font)              <8> on input line 119.

Underfull \hbox (badness 10000) in paragraph at lines 133--134

 []

[9]
Overfull \hbox (74.1803pt too wide) in paragraph at lines 164--165
[]$\OMS/cmsy/m/n/12 f\OML/cmm/m/it/12 u:Nom\OMS/cmsy/m/n/12 j\OML/cmm/m/it/12 U
tilisateur\OT1/cmr/m/n/12 (\OML/cmm/m/it/12 u\OT1/cmr/m/n/12 ) \OMS/cmsy/m/n/12
 ^ \OML/cmm/m/it/12 Commentaire\OT1/cmr/m/n/12 (\OML/cmm/m/it/12 c\OT1/cmr/m/n/
12 ) \OMS/cmsy/m/n/12 ^ \OML/cmm/m/it/12 u:ID \OT1/cmr/m/n/12 = \OML/cmm/m/it/1
2 c:clientID \OMS/cmsy/m/n/12 ^ \OML/cmm/m/it/12 c:etablissementID >\OT1/cmr/m/
n/12 =
 []


Overfull \hbox (6.06984pt too wide) in paragraph at lines 170--171
[]$\OMS/cmsy/m/n/12 f\OML/cmm/m/it/12 e:Nom\OMS/cmsy/m/n/12 j\OML/cmm/m/it/12 E
tablissement\OT1/cmr/m/n/12 (\OML/cmm/m/it/12 e\OT1/cmr/m/n/12 ) \OMS/cmsy/m/n/
12 ^ 9   \OML/cmm/m/it/12 =c[]\OT1/cmr/m/n/12 (\OML/cmm/m/it/12 Commentaire\OT1
/cmr/m/n/12 (\OML/cmm/m/it/12 c[]\OT1/cmr/m/n/12 ) \OMS/cmsy/m/n/12 ^ \OML/cmm/
m/it/12 c[]:etablissementID \OT1/cmr/m/n/12 =
 []


Overfull \hbox (6.37971pt too wide) in paragraph at lines 175--175
[]\OT1/cmr/bx/n/17.28 Explication du fonc-tion-ne-ment de notre pla-
 []


Underfull \hbox (badness 10000) in paragraph at lines 176--177

 []

[10]
Underfull \hbox (badness 10000) in paragraph at lines 178--179

 []

[11]
Underfull \hbox (badness 10000) in paragraph at lines 183--184

 []

<create_db_succes.png, id=52, 452.69125pt x 180.675pt>
File: create_db_succes.png Graphic file (type png)

<use create_db_succes.png>
Package pdftex.def Info: create_db_succes.png used on input line 185.
(pdftex.def)             Requested size: 226.34506pt x 90.33727pt.
 <parser_ex.png, id=53, 459.7175pt x 385.44pt>
File: parser_ex.png Graphic file (type png)

<use parser_ex.png>
Package pdftex.def Info: parser_ex.png used on input line 188.
(pdftex.def)             Requested size: 229.85818pt x 192.71953pt.

Overfull \hbox (7.30283pt too wide) in paragraph at lines 187--189
[]\OT1/cmr/m/n/12 Ensuite nous al-lons ex^^Secuter le fi-chier "par-ser.php". V
oici un pe-tit exemple : 
 []

[12 <./create_db_succes.png>]
Underfull \hbox (badness 10000) in paragraph at lines 189--190

 []


Underfull \hbox (badness 10000) in paragraph at lines 190--191

 []

<acceuil.png, id=58, 1243.64626pt x 713.66624pt>
File: acceuil.png Graphic file (type png)
 <use acceuil.png>
Package pdftex.def Info: acceuil.png used on input line 192.
(pdftex.def)             Requested size: 373.09676pt x 214.10152pt.
 [13 <./parser_ex.png>]
Underfull \hbox (badness 10000) in paragraph at lines 194--195

 []

<recherche.png, id=64, 1210.5225pt x 701.62125pt>
File: recherche.png Graphic file (type png)
 <use recherche.png>
Package pdftex.def Info: recherche.png used on input line 196.
(pdftex.def)             Requested size: 363.15955pt x 210.48799pt.

Underfull \hbox (badness 10000) in paragraph at lines 198--199

 []

<exemple.png, id=65, 1200.485pt x 685.56125pt>
File: exemple.png Graphic file (type png)
 <use exemple.png>
Package pdftex.def Info: exemple.png used on input line 200.
(pdftex.def)             Requested size: 360.14828pt x 205.66995pt.
 [14 <./acceuil.png> <./recherche.png>]
Underfull \hbox (badness 10000) in paragraph at lines 200--202

 []

<commentaire.png, id=71, 1031.855pt x 676.5275pt>
File: commentaire.png Graphic file (type png)
 <use commentaire.png>
Package pdftex.def Info: commentaire.png used on input line 203.
(pdftex.def)             Requested size: 309.55888pt x 202.95981pt.

Underfull \hbox (badness 10000) in paragraph at lines 205--206

 []

<tag.png, id=72, 775.89874pt x 400.49625pt>
File: tag.png Graphic file (type png)
 <use tag.png>
Package pdftex.def Info: tag.png used on input line 207.
(pdftex.def)             Requested size: 232.77141pt x 120.1498pt.
 [15 <./exemple.png> <./commentaire.png>] <utilisateur.png, id=78, 1147.28625pt
 x 510.90875pt>
File: utilisateur.png Graphic file (type png)

<use utilisateur.png>
Package pdftex.def Info: utilisateur.png used on input line 209.
(pdftex.def)             Requested size: 344.18852pt x 153.2738pt.

Underfull \hbox (badness 10000) in paragraph at lines 207--210

 []

<admin.png, id=79, 1164.35pt x 582.175pt>
File: admin.png Graphic file (type png)
 <use admin.png>
Package pdftex.def Info: admin.png used on input line 211.
(pdftex.def)             Requested size: 349.3077pt x 174.65384pt.
 [16 <./tag.png> <./utilisateur.png> <./admin.png>]
Underfull \hbox (badness 10000) in paragraph at lines 214--215

 []

<etab1.png, id=86, 1178.4025pt x 547.04375pt>
File: etab1.png Graphic file (type png)
 <use etab1.png>
Package pdftex.def Info: etab1.png used on input line 216.
(pdftex.def)             Requested size: 353.52348pt x 164.11438pt.

Underfull \hbox (badness 10000) in paragraph at lines 218--219

 []

<etab2.png, id=87, 1192.455pt x 694.595pt>
File: etab2.png Graphic file (type png)
 <use etab2.png>
Package pdftex.def Info: etab2.png used on input line 220.
(pdftex.def)             Requested size: 357.73926pt x 208.38011pt.

Underfull \hbox (badness 10000) in paragraph at lines 222--223

 []

<modif1.png, id=88, 1163.34625pt x 619.31375pt>
File: modif1.png Graphic file (type png)
 <use modif1.png>
Package pdftex.def Info: modif1.png used on input line 224.
(pdftex.def)             Requested size: 349.00658pt x 185.79555pt.
 [17 <./etab1.png> <./etab2.png>]
Underfull \hbox (badness 10000) in paragraph at lines 224--226

 []

<modif2.png, id=94, 1153.30875pt x 554.07pt>
File: modif2.png Graphic file (type png)
 <use modif2.png>
Package pdftex.def Info: modif2.png used on input line 227.
(pdftex.def)             Requested size: 345.9953pt x 166.22227pt.

Underfull \hbox (badness 10000) in paragraph at lines 232--233

 []

<requet.png, id=95, 1174.3875pt x 542.025pt>
File: requet.png Graphic file (type png)
 <use requet.png>
Package pdftex.def Info: requet.png used on input line 234.
(pdftex.def)             Requested size: 352.31897pt x 162.60875pt.
 [18 <./modif1.png> <./modif2.png>]
Underfull \hbox (badness 10000) in paragraph at lines 237--239

 []

[19 <./requet.png>] (./RapportLaTex.aux) ) 
Here is how much of TeX's memory you used:
 4785 strings out of 493089
 68200 string characters out of 6134842
 189679 words of memory out of 5000000
 8205 multiletter control sequences out of 15000+600000
 9155 words of font info for 32 fonts, out of 8000000 for 9000
 1141 hyphenation exceptions out of 8191
 37i,6n,32p,2715b,1555s stack positions out of 5000i,500n,10000p,200000b,80000s
</usr/local/texlive/2015/texmf-dist/f
onts/type1/public/amsfonts/cm/cmbx12.pfb></usr/local/texlive/2015/texmf-dist/fo
nts/type1/public/amsfonts/cm/cmmi12.pfb></usr/local/texlive/2015/texmf-dist/fon
ts/type1/public/amsfonts/cm/cmmi6.pfb></usr/local/texlive/2015/texmf-dist/fonts
/type1/public/amsfonts/cm/cmmi8.pfb></usr/local/texlive/2015/texmf-dist/fonts/t
ype1/public/amsfonts/cm/cmr12.pfb></usr/local/texlive/2015/texmf-dist/fonts/typ
e1/public/amsfonts/cm/cmr17.pfb></usr/local/texlive/2015/texmf-dist/fonts/type1
/public/amsfonts/cm/cmr6.pfb></usr/local/texlive/2015/texmf-dist/fonts/type1/pu
blic/amsfonts/cm/cmr8.pfb></usr/local/texlive/2015/texmf-dist/fonts/type1/publi
c/amsfonts/cm/cmsy10.pfb></usr/local/texlive/2015/texmf-dist/fonts/type1/public
/amsfonts/cm/cmsy6.pfb></usr/local/texlive/2015/texmf-dist/fonts/type1/public/a
msfonts/cm/cmsy8.pfb></usr/local/texlive/2015/texmf-dist/fonts/type1/public/ams
fonts/cm/cmti12.pfb>
Output written on RapportLaTex.pdf (19 pages, 1461670 bytes).
PDF statistics:
 145 PDF objects out of 1000 (max. 8388607)
 81 compressed objects within 1 object stream
 0 named destinations out of 1000 (max. 500000)
 76 words of extra memory for PDF output out of 10000 (max. 10000000)

